<?xml version="1.0" encoding="UTF-8"?>
<!-- Generated by org.testng.reporters.JUnitXMLReporter -->
<testsuite ignored="0" hostname="Shwetha" failures="0" tests="3" name="Default test" time="36.61" errors="0" timestamp="2024-09-05T17:51:16 IST">
  <testcase classname="testNGPractice.DataProviderEx4OrgDetailsFromExcel" name="organizationModuleTest" time="13.477"/>
  <testcase classname="testNGPractice.DataProviderEx4OrgDetailsFromExcel" name="organizationModuleTest" time="10.493"/>
  <testcase classname="testNGPractice.DataProviderEx4OrgDetailsFromExcel" name="organizationModuleTest" time="11.361"/>
</testsuite> <!-- Default test -->
